0 info it worked if it ends with ok
1 verbose cli [ '/usr/bin/nodejs', '/usr/bin/npm', 'run', 'headless' ]
2 info using npm@3.10.10
3 info using node@v6.10.2
4 verbose run-script [ 'preheadless', 'headless', 'postheadless' ]
5 info lifecycle onemission-tests@1.0.0~preheadless: onemission-tests@1.0.0
6 silly lifecycle onemission-tests@1.0.0~preheadless: no script for preheadless, continuing
7 info lifecycle onemission-tests@1.0.0~headless: onemission-tests@1.0.0
8 verbose lifecycle onemission-tests@1.0.0~headless: unsafe-perm in lifecycle true
9 verbose lifecycle onemission-tests@1.0.0~headless: PATH: /usr/lib/node_modules/npm/bin/node-gyp-bin:/home/nhoffman/projects/onemission-tests/node_modules/.bin:/home/nhoffman/bin:/usr/local/bin:/usr/bin:/bin:/usr/local/games:/usr/games:/usr/lib/jvm/java-8-oracle/bin:/usr/lib/jvm/java-8-oracle/db/bin:/usr/lib/jvm/java-8-oracle/jre/bin:/home/nhoffman/bin:/usr/local/bin:/home/nhoffman/.local/bin:/home/nhoffman/.rbenv/bin:/home/nhoffman/.rbenv/plugins/ruby-build/bin
10 verbose lifecycle onemission-tests@1.0.0~headless: CWD: /home/nhoffman/projects/onemission-tests
11 silly lifecycle onemission-tests@1.0.0~headless: Args: [ '-c',
11 silly lifecycle   'xvfb-run ./node_modules/selenium-standalone/bin/selenium-standalone start' ]
12 silly lifecycle onemission-tests@1.0.0~headless: Returned: code: 1  signal: null
13 info lifecycle onemission-tests@1.0.0~headless: Failed to exec headless script
14 verbose stack Error: onemission-tests@1.0.0 headless: `xvfb-run ./node_modules/selenium-standalone/bin/selenium-standalone start`
14 verbose stack Exit status 1
14 verbose stack     at EventEmitter.<anonymous> (/usr/lib/node_modules/npm/lib/utils/lifecycle.js:255:16)
14 verbose stack     at emitTwo (events.js:106:13)
14 verbose stack     at EventEmitter.emit (events.js:191:7)
14 verbose stack     at ChildProcess.<anonymous> (/usr/lib/node_modules/npm/lib/utils/spawn.js:40:14)
14 verbose stack     at emitTwo (events.js:106:13)
14 verbose stack     at ChildProcess.emit (events.js:191:7)
14 verbose stack     at maybeClose (internal/child_process.js:886:16)
14 verbose stack     at Process.ChildProcess._handle.onexit (internal/child_process.js:226:5)
15 verbose pkgid onemission-tests@1.0.0
16 verbose cwd /home/nhoffman/projects/onemission-tests
17 error Linux 4.9.15-x86_64-linode81
18 error argv "/usr/bin/nodejs" "/usr/bin/npm" "run" "headless"
19 error node v6.10.2
20 error npm  v3.10.10
21 error code ELIFECYCLE
22 error onemission-tests@1.0.0 headless: `xvfb-run ./node_modules/selenium-standalone/bin/selenium-standalone start`
22 error Exit status 1
23 error Failed at the onemission-tests@1.0.0 headless script 'xvfb-run ./node_modules/selenium-standalone/bin/selenium-standalone start'.
23 error Make sure you have the latest version of node.js and npm installed.
23 error If you do, this is most likely a problem with the onemission-tests package,
23 error not with npm itself.
23 error Tell the author that this fails on your system:
23 error     xvfb-run ./node_modules/selenium-standalone/bin/selenium-standalone start
23 error You can get information on how to open an issue for this project with:
23 error     npm bugs onemission-tests
23 error Or if that isn't available, you can get their info via:
23 error     npm owner ls onemission-tests
23 error There is likely additional logging output above.
24 verbose exit [ 1, true ]
